<?xml version="1.0" encoding="UTF-8"?>
<!-- Generated by org.testng.reporters.JUnitReportReporter -->
<testsuite hostname="DESKTOP-MOK7TM7" failures="0" tests="3" name="testngpkg.TestngGrouping" time="0.016" errors="0" timestamp="2023-04-20T09:17:55 IST" skipped="0">
  <testcase classname="testngpkg.TestngGrouping" name="test4" time="0.010"/>
  <system-out/>
  <testcase classname="testngpkg.TestngGrouping" name="test5" time="0.004"/>
  <system-out/>
  <testcase classname="testngpkg.TestngGrouping" name="test6" time="0.002"/>
  <system-out/>
</testsuite> <!-- testngpkg.TestngGrouping -->
