<?xml version="1.0" encoding="UTF-8"?>
<!-- Generated by org.testng.reporters.JUnitReportReporter -->
<testsuite hostname="DESKTOP-MOK7TM7" failures="0" tests="4" name="testngpkg.TestngDemo" time="0.023" errors="0" timestamp="2023-04-19T10:41:33 IST" skipped="0">
  <testcase classname="testngpkg.TestngDemo" name="test2" time="0.010"/>
  <system-out/>
  <testcase classname="testngpkg.TestngDemo" name="test2" time="0.006"/>
  <system-out/>
  <testcase classname="testngpkg.TestngDemo" name="test2" time="0.003"/>
  <system-out/>
  <testcase classname="testngpkg.TestngDemo" name="test1" time="0.004"/>
  <system-out/>
</testsuite> <!-- testngpkg.TestngDemo -->
