<?xml version="1.0" encoding="UTF-8"?>
<!-- Generated by org.testng.reporters.JUnitReportReporter -->
<testsuite hostname="DESKTOP-MOK7TM7" failures="0" tests="1" name="testngpkg.Testngparameter" time="3.132" errors="0" timestamp="2023-04-20T10:14:51 IST" skipped="0">
  <testcase classname="testngpkg.Testngparameter" name="main" time="3.132"/>
  <system-out/>
</testsuite> <!-- testngpkg.Testngparameter -->
