<?xml version="1.0" encoding="UTF-8"?>
<!-- Generated by org.testng.reporters.JUnitReportReporter -->
<testsuite hostname="DESKTOP-MOK7TM7" failures="0" tests="1" name="testngpkg.Scrolldown" time="1.253" errors="0" timestamp="2023-04-26T10:10:10 IST" skipped="0">
  <testcase classname="testngpkg.Scrolldown" name="test1" time="1.253"/>
  <system-out/>
</testsuite> <!-- testngpkg.Scrolldown -->
