<?xml version="1.0" encoding="UTF-8"?>
<!-- Generated by org.testng.reporters.JUnitReportReporter -->
<testsuite hostname="DESKTOP-MOK7TM7" failures="0" tests="1" name="testngpkg.JD" time="2.129" errors="0" timestamp="2023-05-06T12:28:53 IST" skipped="0">
  <testcase classname="testngpkg.JD" name="test1" time="2.129"/>
  <system-out/>
</testsuite> <!-- testngpkg.JD -->
