<?xml version="1.0" encoding="UTF-8"?>
<!-- Generated by org.testng.reporters.JUnitReportReporter -->
<testsuite hostname="DESKTOP-MOK7TM7" failures="0" tests="1" name="testngpkg.Draganddrop" time="0.413" errors="0" timestamp="2023-04-26T09:20:58 IST" skipped="0">
  <testcase classname="testngpkg.Draganddrop" name="dragandrop" time="0.413"/>
  <system-out/>
</testsuite> <!-- testngpkg.Draganddrop -->
