<?xml version="1.0" encoding="UTF-8"?>
<!-- Generated by org.testng.reporters.JUnitReportReporter -->
<testsuite hostname="DESKTOP-MOK7TM7" failures="0" tests="1" name="test.CreatepageTest" time="3.057" errors="0" timestamp="2023-05-04T10:03:19 IST" skipped="0">
  <testcase classname="test.CreatepageTest" name="createpagettest" time="3.057"/>
  <system-out/>
</testsuite> <!-- test.CreatepageTest -->
