<?xml version="1.0" encoding="UTF-8"?>
<!-- Generated by org.testng.reporters.JUnitReportReporter -->
<testsuite hostname="DESKTOP-MOK7TM7" failures="0" tests="1" name="testngpkg.Mousehover" time="2.378" errors="0" timestamp="2023-05-06T12:24:40 IST" skipped="0">
  <testcase classname="testngpkg.Mousehover" name="ebay" time="2.378"/>
  <system-out/>
</testsuite> <!-- testngpkg.Mousehover -->
